<?xml version="1.0" encoding="UTF-8"?>
<!-- Generated by org.testng.reporters.JUnitReportReporter -->
<testsuite hostname="DESKTOP-1P2EEK8" failures="0" tests="1" name="OrangeHRM.NewTest" time="0.022" errors="0" timestamp="2022-04-18T21:06:11 IST" skipped="0">
  <testcase classname="OrangeHRM.NewTest" name="readBrowserName" time="0.022"/>
  <system-out/>
</testsuite> <!-- OrangeHRM.NewTest -->
