<?xml version="1.0" encoding="UTF-8"?>
<!-- Generated by org.testng.reporters.JUnitReportReporter -->
<testsuite hostname="DESKTOP-1P2EEK8" failures="0" tests="3" name="OrangeHRM.TestDemo3" time="0.015" errors="0" timestamp="2022-04-13T20:57:13 IST" skipped="0">
  <testcase classname="OrangeHRM.TestDemo3" name="loginWithUser" time="0.002"/>
  <system-out/>
  <testcase classname="OrangeHRM.TestDemo3" name="loginWithAdminUser" time="0.004"/>
  <system-out/>
  <testcase classname="OrangeHRM.TestDemo3" name="loginWithAdminUser2" time="0.009"/>
  <system-out/>
</testsuite> <!-- OrangeHRM.TestDemo3 -->
