<?xml version="1.0" encoding="UTF-8"?>
<!-- Generated by org.testng.reporters.JUnitReportReporter -->
<testsuite hostname="DESKTOP-1P2EEK8" failures="0" tests="3" name="OrangeHRM.TestDemo1" time="0.027" errors="0" timestamp="2022-04-13T20:57:13 IST" skipped="0">
  <testcase classname="OrangeHRM.TestDemo1" name="f" time="0.007"/>
  <system-out/>
  <testcase classname="OrangeHRM.TestDemo1" name="f" time="0.006"/>
  <system-out/>
  <testcase classname="OrangeHRM.TestDemo1" name="f" time="0.014"/>
  <system-out/>
</testsuite> <!-- OrangeHRM.TestDemo1 -->
