<?xml version="1.0" encoding="UTF-8"?>
<!-- Generated by org.testng.reporters.JUnitReportReporter -->
<testsuite hostname="DESKTOP-1P2EEK8" failures="0" tests="4" name="OrangeHRM.TestDemo2" time="1.718" errors="0" timestamp="2022-04-13T20:57:13 IST" skipped="1">
  <testcase classname="OrangeHRM.TestDemo2" name="updateUser" time="0.003"/>
  <system-out/>
  <testcase classname="OrangeHRM.TestDemo2" name="deleteUser" time="0.488"/>
  <system-out/>
  <testcase classname="OrangeHRM.TestDemo2" name="searchUser" time="1.227"/>
  <system-out/>
  <testcase classname="OrangeHRM.TestDemo2" name="loginToOrangeHRM">
    <skipped/>
  </testcase> <!-- loginToOrangeHRM -->
  <system-out/>
</testsuite> <!-- OrangeHRM.TestDemo2 -->
